2020-06-16 23:32:08 INFO  [main]: start ForgotPageTest test findAkkTest
2020-06-16 23:32:10 INFO  [main]: getToRestorePassText() = Восстановление пароля
2020-06-16 23:32:10 INFO  [main]: finish ForgotPageTest test findAkkTest
2020-06-16 23:32:54 INFO  [main]: start ForgotPageTest test getFindYouAkkQuestionTextTest
2020-06-16 23:32:54 INFO  [main]: forgotPage.getFindYouAkkQuestionText() = Найдите свой аккаунт
2020-06-16 23:32:54 INFO  [main]: finish ForgotPageTest test getFindYouAkkQuestionTextTest
2020-06-16 23:33:11 INFO  [main]: start ForgotPageTest test headingTest
2020-06-16 23:33:11 INFO  [main]: heading = Facebook
2020-06-16 23:33:11 INFO  [main]: finish ForgotPageTest test headingTest
2020-06-16 23:33:36 INFO  [main]: start ForgotPageTest test findAkkTest
2020-06-16 23:33:38 INFO  [main]: getToRestorePassText() = Восстановление пароля
2020-06-16 23:33:38 INFO  [main]: finish ForgotPageTest test findAkkTest
2020-06-16 23:35:06 INFO  [main]: start LoginPageTest test registredMailTest
2020-06-16 23:35:08 INFO  [main]: loginPage.getMailErrorText() = Эл. адрес или номер телефона, который вы указали, не соответствует ни одному аккаунту. Зарегистрируйте аккаунт.
2020-06-16 23:35:08 INFO  [main]: finish LoginPageTest test registredMailTest
2020-06-16 23:35:34 INFO  [main]: start LoginPageTest test registredMailTest
2020-06-16 23:35:37 INFO  [main]: loginPage.getMailErrorText() = Эл. адрес или номер телефона, который вы указали, не соответствует ни одному аккаунту. Зарегистрируйте аккаунт.
2020-06-16 23:35:37 INFO  [main]: finish LoginPageTest test registredMailTest
2020-06-16 23:37:55 INFO  [main]: start LoginPageTest test registredPassTest
2020-06-16 23:38:14 INFO  [main]: finish LoginPageTest test registredPassTest
2020-06-16 23:38:27 INFO  [main]: start LoginPageTest test registredMailTest
2020-06-16 23:38:30 INFO  [main]: loginPage.getMailErrorText() = Эл. адрес или номер телефона, который вы указали, не соответствует ни одному аккаунту. Зарегистрируйте аккаунт.
2020-06-16 23:38:30 INFO  [main]: finish LoginPageTest test registredMailTest
2020-06-18 22:51:24 INFO  [main]: start ForgotPageTest test headingTest
2020-06-18 22:51:24 INFO  [main]: heading = Facebook
2020-06-18 22:51:24 INFO  [main]: finish ForgotPageTest test headingTest
2020-06-18 23:09:34 INFO  [main]: start ForgotPageTest test findAkkTest
2020-06-18 23:09:35 INFO  [main]: getToRestorePassText() = Восстановление пароля
2020-06-18 23:09:35 INFO  [main]: finish ForgotPageTest test findAkkTest
2020-06-18 23:38:13 INFO  [main]: start MainPageTest test loginInMailTest
2020-06-18 23:39:46 INFO  [main]: start MainPageTest test loginInMailTest
2020-06-18 23:40:14 INFO  [main]: start MainPageTest test loginInMailTest
2020-06-18 23:43:47 INFO  [main]: start MainPageTest test loginInMailTest
